<?xml version="1.0" encoding="utf-8"?>
<TestRun id="032a414a-da0c-4c9e-89c9-4ab0808bcd64" name="CodeLab3@DESKTOP-ODC9Q60 2026-03-16 15:48:06" runUser="DESKTOP-ODC9Q60\CodeLab3" xmlns="http://microsoft.com/schemas/VisualStudio/TeamTest/2010">
  <Times creation="2026-03-16T15:48:06.4482640+09:00" queuing="2026-03-16T15:48:06.4482645+09:00" start="2026-03-16T15:48:05.6457213+09:00" finish="2026-03-16T15:48:06.4486522+09:00" />
  <TestSettings name="default" id="0b0a23f5-ac03-488c-b251-1523967e23d1">
    <Deployment runDeploymentRoot="CodeLab3_DESKTOP-ODC9Q60_2026-03-16_15_48_06" />
  </TestSettings>
  <TestLists>
    <TestList name="목록에 없는 결과" id="8c84fa94-04c1-424b-9868-57a2d4851a1d" />
    <TestList name="로드된 모든 결과" id="19431567-8539-422a-85d7-44ee4e166bda" />
  </TestLists>
  <ResultSummary outcome="Completed">
    <Counters total="0" executed="0" passed="0" failed="0" error="0" timeout="0" aborted="0" inconclusive="0" passedButRunAborted="0" notRunnable="0" notExecuted="0" disconnected="0" warning="0" completed="0" inProgress="0" pending="0" />
    <RunInfos>
      <RunInfo computerName="DESKTOP-ODC9Q60" outcome="Warning" timestamp="2026-03-16T15:48:06.3454350+09:00">
        <Text>C:\Users\ezen601\Desktop\Jason\robotapp2\Library/ScriptAssemblies/KineTutor3D.Tests.PlayMode.dll에서 테스트를 사용할 수 없습니다. 테스트 Discoverer 및 Executor가 등록되고 플랫폼 및 프레임워크 버전 설정이 적절한지 확인하고 다시 시도하세요.</Text>
      </RunInfo>
    </RunInfos>
  </ResultSummary>
</TestRun>